[0;34m2025-10-08 18:18:44 - INFO: ==========================================[0m
[0;34m2025-10-08 18:18:44 - INFO: Excel to Terraform Automation (Control-M)[0m
[0;34m2025-10-08 18:18:44 - INFO: ==========================================[0m
[0;34m2025-10-08 18:18:44 - INFO: Script Dir: /Users/morganreed/StudioProjects/Build Ticket Automation[0m
[0;34m2025-10-08 18:18:44 - INFO: Config: automation_config.json[0m
[0;34m2025-10-08 18:18:44 - INFO: Log: automation_20251008_181844.log[0m
[0;34m2025-10-08 18:18:44 - INFO: Python: python3[0m
[0;34m2025-10-08 18:18:44 - INFO: ==========================================[0m
[0;34m2025-10-08 18:18:44 - INFO: Python Version: 3.12.8[0m
[0;34m2025-10-08 18:18:44 - INFO: Checking Python packages...[0m
[0;32m2025-10-08 18:18:45 - SUCCESS: Packages available[0m
[0;34m2025-10-08 18:18:45 - INFO: Executing: python3 main.py --config automation_config.json[0m
[0;34m2025-10-08 18:18:45 - INFO: ==========================================[0m
2025-10-08 18:18:45,571 - automation_pipeline - INFO - ================================================================================
2025-10-08 18:18:45,571 - automation_pipeline - INFO - EXCEL TO TERRAFORM AUTOMATION PIPELINE
2025-10-08 18:18:45,572 - automation_pipeline - INFO - ================================================================================
2025-10-08 18:18:45,572 - automation_pipeline - INFO - Started at: 2025-10-08 18:18:45.571625
2025-10-08 18:18:45,572 - automation_pipeline - INFO - Configuration: automation_config.json
2025-10-08 18:18:45,572 - automation_pipeline - INFO - Step 1: Validating inputs...
2025-10-08 18:18:45,572 - automation_pipeline - INFO - Found 1 Excel files in sourcefiles
2025-10-08 18:18:45,572 - automation_pipeline - INFO -   - LLDtest.xlsm
2025-10-08 18:18:45,572 - automation_pipeline - INFO - SUCCESS: Input validation completed
2025-10-08 18:18:45,572 - automation_pipeline - INFO - Found 1 Excel files in sourcefiles
2025-10-08 18:18:45,572 - automation_pipeline - INFO -   - LLDtest.xlsm
2025-10-08 18:18:45,572 - automation_pipeline - INFO - Processing 1 Excel file(s)
2025-10-08 18:18:45,572 - automation_pipeline - INFO - Step 2: Backing up previous outputs...
2025-10-08 18:18:45,588 - automation_pipeline - INFO - Previous outputs backed up to: backup_20251008_181845
2025-10-08 18:18:45,588 - automation_pipeline - INFO - SUCCESS: Previous outputs backed up
2025-10-08 18:18:45,588 - automation_pipeline - INFO - Processing file 1/1: LLDtest.xlsm
2025-10-08 18:18:45,588 - automation_pipeline - INFO - Step 3.1: Extracting Excel data to JSON...
2025-10-08 18:18:47,531 - automation_pipeline - INFO - JSON file created: LLDtest_comprehensive_data.json (4,849,850 bytes)
[0;31m2025-10-08 18:18:47 - ERROR: Automation failed[0m
[1;33m2025-10-08 18:18:47 - WARNING: Script terminated with errors[0m
